<?xml version="1.0" encoding="UTF-8"?>
<testsuite name="Cucumber" time="5.126" tests="2" skipped="0" failures="2" errors="0" timestamp="2025-03-16T07:22:23.881019400Z">
<testcase classname="Purchase the order from ecommerce" name="Purchase Item Positive Case" time="3.376">
<failure type="java.lang.NullPointerException" message="Cannot invoke &quot;org.openqa.selenium.WebDriver.findElement(org.openqa.selenium.By)&quot; because &quot;driver&quot; is null">
<![CDATA[java.lang.NullPointerException: Cannot invoke "org.openqa.selenium.WebDriver.findElement(org.openqa.selenium.By)" because "driver" is null
	at org.openqa.selenium.support.ui.ExpectedConditions$7.apply(ExpectedConditions.java:194)
	at org.openqa.selenium.support.ui.ExpectedConditions$7.apply(ExpectedConditions.java:190)
	at org.openqa.selenium.support.ui.FluentWait.until(FluentWait.java:203)
	at abstrakomponen.Abstractcomponen.visibilityOfElementLocated(Abstractcomponen.java:25)
	at com.selenium.pageobject.LoginPage.loginApplication(LoginPage.java:36)
	at stepdefinitions.StepDefinitions.userLogin(StepDefinitions.java:42)
	at ✽.User Logged to website(file:///X:/Booatcamp%20Selenium/selenium_afteroffice-cucumber/Tugasafteroffice-cucumberfinal/src/test/resources/features/PurchaseItem.feature:7)
]]>
</failure>
<system-out><![CDATA[
Given User Logged to website................................................failed
When User add item to Cart..................................................skipped
And User checkout item......................................................skipped
Then User will see message is displayed on confirmation page................skipped
]]></system-out>
</testcase>
<testcase classname="Purchase the order from ecommerce" name="Purchase Item Negative Case" time="1.517">
<failure type="java.lang.NullPointerException" message="Cannot invoke &quot;org.openqa.selenium.WebDriver.findElement(org.openqa.selenium.By)&quot; because &quot;driver&quot; is null">
<![CDATA[java.lang.NullPointerException: Cannot invoke "org.openqa.selenium.WebDriver.findElement(org.openqa.selenium.By)" because "driver" is null
	at org.openqa.selenium.support.ui.ExpectedConditions$7.apply(ExpectedConditions.java:194)
	at org.openqa.selenium.support.ui.ExpectedConditions$7.apply(ExpectedConditions.java:190)
	at org.openqa.selenium.support.ui.FluentWait.until(FluentWait.java:203)
	at abstrakomponen.Abstractcomponen.visibilityOfElementLocated(Abstractcomponen.java:25)
	at com.selenium.pageobject.LoginPage.loginApplication(LoginPage.java:36)
	at stepdefinitions.StepDefinitions.userLogin(StepDefinitions.java:42)
	at ✽.User Logged to website(file:///X:/Booatcamp%20Selenium/selenium_afteroffice-cucumber/Tugasafteroffice-cucumberfinal/src/test/resources/features/PurchaseItem.feature:13)
]]>
</failure>
<system-out><![CDATA[
Given User Logged to website................................................failed
When User add item to Cart..................................................skipped
And User click remove on checkout button....................................skipped
Then User will see message is displayed on confirmation page................skipped
]]></system-out>
</testcase>
</testsuite>
